('Merge Join  (cost=92184.27..1804005788363.88 rows=120266671172242 width=16)',)
('  Merge Cond: (tab.f_id = observation_imu_gyroscope.fingerprint_id)',)
('  CTE tab',)
('    ->  Recursive Union  (cost=149.37..1028.75 rows=6138 width=4)',)
('          ->  Seq Scan on fingerprint  (cost=149.37..212.62 rows=8 width=4)',)
('                Filter: (id = $1)',)
('                InitPlan 1 (returns $1)',)
('                  ->  Limit  (cost=149.36..149.37 rows=1 width=12)',)
('                        ->  Sort  (cost=149.36..151.29 rows=770 width=12)',)
('                              Sort Key: (random())',)
('                              ->  Hash Join  (cost=71.58..145.51 rows=770 width=12)',)
('                                    Hash Cond: (f1.id = f2.id)',)
('                                    ->  Seq Scan on fingerprint f1  (cost=0.00..59.40 rows=1540 width=4)',)
('                                    ->  Hash  (cost=69.08..69.08 rows=200 width=4)',)
('                                          ->  HashAggregate  (cost=67.08..69.08 rows=200 width=4)',)
('                                                Group Key: f2.id',)
('                                                ->  Seq Scan on fingerprint f2  (cost=0.00..63.25 rows=1532 width=4)',)
('                                                      Filter: (followed_by_fingerprint_id <> id)',)
('          ->  Hash Join  (cost=2.60..75.47 rows=613 width=4)',)
('                Hash Cond: (fingerprint_1.id = tab_1.f_id)',)
('                Join Filter: (fingerprint_1.followed_by_fingerprint_id <> tab_1.f_id)',)
('                ->  Seq Scan on fingerprint fingerprint_1  (cost=0.00..59.40 rows=1540 width=8)',)
('                ->  Hash  (cost=1.60..1.60 rows=80 width=4)',)
('                      ->  WorkTable Scan on tab tab_1  (cost=0.00..1.60 rows=80 width=4)',)
('  ->  Merge Join  (cost=30863.53..1358961.43 rows=88411721 width=16)',)
('        Merge Cond: (tab.f_id = observation_imu_magnetometer.fingerprint_id)',)
('        ->  Merge Join  (cost=717.54..1866.95 rows=75804 width=8)',)
('              Merge Cond: (observation_imu.fingerprint_id = tab.f_id)',)
('              ->  Sort  (cost=208.59..214.76 rows=2470 width=4)',)
('                    Sort Key: observation_imu.fingerprint_id',)
('                    ->  Seq Scan on observation_imu  (cost=0.00..69.40 rows=2470 width=4)',)
('                          Filter: is_valid',)
('              ->  Sort  (cost=508.95..524.29 rows=6138 width=4)',)
('                    Sort Key: tab.f_id',)
('                    ->  CTE Scan on tab  (cost=0.00..122.76 rows=6138 width=4)',)
('        ->  Materialize  (cost=30146.00..31312.32 rows=233264 width=8)',)
('              ->  Sort  (cost=30146.00..30729.16 rows=233264 width=8)',)
('                    Sort Key: observation_imu_magnetometer.fingerprint_id',)
('                    ->  Seq Scan on observation_imu_magnetometer  (cost=0.00..6156.64 rows=233264 width=8)',)
('  ->  Materialize  (cost=60291.99..4823099.66 rows=272060468 width=16)',)
('        ->  Merge Join  (cost=60291.99..4142948.49 rows=272060468 width=16)',)
('              Merge Cond: (observation_imu_gyroscope.fingerprint_id = observation_imu_accelerometer.fingerprint_id)',)
('              ->  Sort  (cost=30146.00..30729.16 rows=233264 width=8)',)
('                    Sort Key: observation_imu_gyroscope.fingerprint_id',)
('                    ->  Seq Scan on observation_imu_gyroscope  (cost=0.00..6156.64 rows=233264 width=8)',)
('              ->  Materialize  (cost=30146.00..31312.32 rows=233264 width=8)',)
('                    ->  Sort  (cost=30146.00..30729.16 rows=233264 width=8)',)
('                          Sort Key: observation_imu_accelerometer.fingerprint_id',)
('                          ->  Seq Scan on observation_imu_accelerometer  (cost=0.00..6156.64 rows=233264 width=8)',)
('Merge Join  (cost=140667.93..6114022379322.09 rows=407600713658137 width=16)',)
('  Merge Cond: (tab.f_id = observation_imu_gyroscope.fingerprint_id)',)
('  CTE tab',)
('    ->  Recursive Union  (cost=149.37..1028.75 rows=6138 width=4)',)
('          ->  Seq Scan on fingerprint  (cost=149.37..212.62 rows=8 width=4)',)
('                Filter: (id = $1)',)
('                InitPlan 1 (returns $1)',)
('                  ->  Limit  (cost=149.36..149.37 rows=1 width=12)',)
('                        ->  Sort  (cost=149.36..151.29 rows=770 width=12)',)
('                              Sort Key: (random())',)
('                              ->  Hash Join  (cost=71.58..145.51 rows=770 width=12)',)
('                                    Hash Cond: (f1.id = f2.id)',)
('                                    ->  Seq Scan on fingerprint f1  (cost=0.00..59.40 rows=1540 width=4)',)
('                                    ->  Hash  (cost=69.08..69.08 rows=200 width=4)',)
('                                          ->  HashAggregate  (cost=67.08..69.08 rows=200 width=4)',)
('                                                Group Key: f2.id',)
('                                                ->  Seq Scan on fingerprint f2  (cost=0.00..63.25 rows=1532 width=4)',)
('                                                      Filter: (followed_by_fingerprint_id <> id)',)
('          ->  Hash Join  (cost=2.60..75.47 rows=613 width=4)',)
('                Hash Cond: (fingerprint_1.id = tab_1.f_id)',)
('                Join Filter: (fingerprint_1.followed_by_fingerprint_id <> tab_1.f_id)',)
('                ->  Seq Scan on fingerprint fingerprint_1  (cost=0.00..59.40 rows=1540 width=8)',)
('                ->  Hash  (cost=1.60..1.60 rows=80 width=4)',)
('                      ->  WorkTable Scan on tab tab_1  (cost=0.00..1.60 rows=80 width=4)',)
('  ->  Merge Join  (cost=47024.75..2041277.79 rows=132802544 width=16)',)
('        Merge Cond: (tab.f_id = observation_imu_magnetometer.fingerprint_id)',)
('        ->  Merge Join  (cost=717.54..1866.95 rows=75804 width=8)',)
('              Merge Cond: (observation_imu.fingerprint_id = tab.f_id)',)
('              ->  Sort  (cost=208.59..214.76 rows=2470 width=4)',)
('                    Sort Key: observation_imu.fingerprint_id',)
('                    ->  Seq Scan on observation_imu  (cost=0.00..69.40 rows=2470 width=4)',)
('                          Filter: is_valid',)
('              ->  Sort  (cost=508.95..524.29 rows=6138 width=4)',)
('                    Sort Key: tab.f_id',)
('                    ->  CTE Scan on tab  (cost=0.00..122.76 rows=6138 width=4)',)
('        ->  Materialize  (cost=46307.21..48059.13 rows=350384 width=8)',)
('              ->  Sort  (cost=46307.21..47183.17 rows=350384 width=8)',)
('                    Sort Key: observation_imu_magnetometer.fingerprint_id',)
('                    ->  Seq Scan on observation_imu_magnetometer  (cost=0.00..9247.84 rows=350384 width=8)',)
('  ->  Materialize  (cost=92614.43..10837525.21 rows=613844737 width=16)',)
('        ->  Merge Join  (cost=92614.43..9302913.36 rows=613844737 width=16)',)
('              Merge Cond: (observation_imu_gyroscope.fingerprint_id = observation_imu_accelerometer.fingerprint_id)',)
('              ->  Sort  (cost=46307.21..47183.17 rows=350384 width=8)',)
('                    Sort Key: observation_imu_gyroscope.fingerprint_id',)
('                    ->  Seq Scan on observation_imu_gyroscope  (cost=0.00..9247.84 rows=350384 width=8)',)
('              ->  Materialize  (cost=46307.21..48059.13 rows=350384 width=8)',)
('                    ->  Sort  (cost=46307.21..47183.17 rows=350384 width=8)',)
('                          Sort Key: observation_imu_accelerometer.fingerprint_id',)
('                          ->  Seq Scan on observation_imu_accelerometer  (cost=0.00..9247.84 rows=350384 width=8)',)
('Merge Join  (cost=265212.60..37818082134633.52 rows=2521203104946814 width=16)',)
('  Merge Cond: (tab.f_id = observation_imu_gyroscope.fingerprint_id)',)
('  CTE tab',)
('    ->  Recursive Union  (cost=149.37..1028.75 rows=6138 width=4)',)
('          ->  Seq Scan on fingerprint  (cost=149.37..212.62 rows=8 width=4)',)
('                Filter: (id = $1)',)
('                InitPlan 1 (returns $1)',)
('                  ->  Limit  (cost=149.36..149.37 rows=1 width=12)',)
('                        ->  Sort  (cost=149.36..151.29 rows=770 width=12)',)
('                              Sort Key: (random())',)
('                              ->  Hash Join  (cost=71.58..145.51 rows=770 width=12)',)
('                                    Hash Cond: (f1.id = f2.id)',)
('                                    ->  Seq Scan on fingerprint f1  (cost=0.00..59.40 rows=1540 width=4)',)
('                                    ->  Hash  (cost=69.08..69.08 rows=200 width=4)',)
('                                          ->  HashAggregate  (cost=67.08..69.08 rows=200 width=4)',)
('                                                Group Key: f2.id',)
('                                                ->  Seq Scan on fingerprint f2  (cost=0.00..63.25 rows=1532 width=4)',)
('                                                      Filter: (followed_by_fingerprint_id <> id)',)
('          ->  Hash Join  (cost=2.60..75.47 rows=613 width=4)',)
('                Hash Cond: (fingerprint_1.id = tab_1.f_id)',)
('                Join Filter: (fingerprint_1.followed_by_fingerprint_id <> tab_1.f_id)',)
('                ->  Seq Scan on fingerprint fingerprint_1  (cost=0.00..59.40 rows=1540 width=8)',)
('                ->  Hash  (cost=1.60..1.60 rows=80 width=4)',)
('                      ->  WorkTable Scan on tab tab_1  (cost=0.00..1.60 rows=80 width=4)',)
('  ->  Merge Join  (cost=88539.64..3748180.52 rows=243779600 width=16)',)
('        Merge Cond: (tab.f_id = observation_imu_magnetometer.fingerprint_id)',)
('        ->  Merge Join  (cost=717.54..1866.95 rows=75804 width=8)',)
('              Merge Cond: (observation_imu.fingerprint_id = tab.f_id)',)
('              ->  Sort  (cost=208.59..214.76 rows=2470 width=4)',)
('                    Sort Key: observation_imu.fingerprint_id',)
('                    ->  Seq Scan on observation_imu  (cost=0.00..69.40 rows=2470 width=4)',)
('                          Filter: is_valid',)
('              ->  Sort  (cost=508.95..524.29 rows=6138 width=4)',)
('                    Sort Key: tab.f_id',)
('                    ->  CTE Scan on tab  (cost=0.00..122.76 rows=6138 width=4)',)
('        ->  Materialize  (cost=87822.10..91038.02 rows=643184 width=8)',)
('              ->  Sort  (cost=87822.10..89430.06 rows=643184 width=8)',)
('                    Sort Key: observation_imu_magnetometer.fingerprint_id',)
('                    ->  Seq Scan on observation_imu_magnetometer  (cost=0.00..16975.84 rows=643184 width=8)',)
('  ->  Materialize  (cost=175644.21..36377963.15 rows=2068428289 width=16)',)
('        ->  Merge Join  (cost=175644.21..31206892.42 rows=2068428289 width=16)',)
('              Merge Cond: (observation_imu_gyroscope.fingerprint_id = observation_imu_accelerometer.fingerprint_id)',)
('              ->  Sort  (cost=87822.10..89430.06 rows=643184 width=8)',)
('                    Sort Key: observation_imu_gyroscope.fingerprint_id',)
('                    ->  Seq Scan on observation_imu_gyroscope  (cost=0.00..16975.84 rows=643184 width=8)',)
('              ->  Materialize  (cost=87822.10..91038.02 rows=643184 width=8)',)
('                    ->  Sort  (cost=87822.10..89430.06 rows=643184 width=8)',)
('                          Sort Key: observation_imu_accelerometer.fingerprint_id',)
('                          ->  Seq Scan on observation_imu_accelerometer  (cost=0.00..16975.84 rows=643184 width=8)',)
('Merge Join  (cost=341451.13..78042117064159.03 rows=5202804066840644 width=16)',)
('  Merge Cond: (tab.f_id = observation_imu_gyroscope.fingerprint_id)',)
('  CTE tab',)
('    ->  Recursive Union  (cost=149.37..1028.75 rows=6138 width=4)',)
('          ->  Seq Scan on fingerprint  (cost=149.37..212.62 rows=8 width=4)',)
('                Filter: (id = $1)',)
('                InitPlan 1 (returns $1)',)
('                  ->  Limit  (cost=149.36..149.37 rows=1 width=12)',)
('                        ->  Sort  (cost=149.36..151.29 rows=770 width=12)',)
('                              Sort Key: (random())',)
('                              ->  Hash Join  (cost=71.58..145.51 rows=770 width=12)',)
('                                    Hash Cond: (f1.id = f2.id)',)
('                                    ->  Seq Scan on fingerprint f1  (cost=0.00..59.40 rows=1540 width=4)',)
('                                    ->  Hash  (cost=69.08..69.08 rows=200 width=4)',)
('                                          ->  HashAggregate  (cost=67.08..69.08 rows=200 width=4)',)
('                                                Group Key: f2.id',)
('                                                ->  Seq Scan on fingerprint f2  (cost=0.00..63.25 rows=1532 width=4)',)
('                                                      Filter: (followed_by_fingerprint_id <> id)',)
('          ->  Hash Join  (cost=2.60..75.47 rows=613 width=4)',)
('                Hash Cond: (fingerprint_1.id = tab_1.f_id)',)
('                Join Filter: (fingerprint_1.followed_by_fingerprint_id <> tab_1.f_id)',)
('                ->  Seq Scan on fingerprint fingerprint_1  (cost=0.00..59.40 rows=1540 width=8)',)
('                ->  Hash  (cost=1.60..1.60 rows=80 width=4)',)
('                      ->  WorkTable Scan on tab tab_1  (cost=0.00..1.60 rows=80 width=4)',)
('  ->  Merge Join  (cost=113952.49..4772826.06 rows=310365833 width=16)',)
('        Merge Cond: (tab.f_id = observation_imu_magnetometer.fingerprint_id)',)
('        ->  Merge Join  (cost=717.54..1866.95 rows=75804 width=8)',)
('              Merge Cond: (observation_imu.fingerprint_id = tab.f_id)',)
('              ->  Sort  (cost=208.59..214.76 rows=2470 width=4)',)
('                    Sort Key: observation_imu.fingerprint_id',)
('                    ->  Seq Scan on observation_imu  (cost=0.00..69.40 rows=2470 width=4)',)
('                          Filter: is_valid',)
('              ->  Sort  (cost=508.95..524.29 rows=6138 width=4)',)
('                    Sort Key: tab.f_id',)
('                    ->  CTE Scan on tab  (cost=0.00..122.76 rows=6138 width=4)',)
('        ->  Materialize  (cost=113234.95..117329.27 rows=818864 width=8)',)
('              ->  Sort  (cost=113234.95..115282.11 rows=818864 width=8)',)
('                    Sort Key: observation_imu_magnetometer.fingerprint_id',)
('                    ->  Seq Scan on observation_imu_magnetometer  (cost=0.00..21612.64 rows=818864 width=8)',)
('  ->  Materialize  (cost=226469.90..58904708.29 rows=3352691252 width=16)',)
('        ->  Merge Join  (cost=226469.90..50522980.16 rows=3352691252 width=16)',)
('              Merge Cond: (observation_imu_gyroscope.fingerprint_id = observation_imu_accelerometer.fingerprint_id)',)
('              ->  Sort  (cost=113234.95..115282.11 rows=818864 width=8)',)
('                    Sort Key: observation_imu_gyroscope.fingerprint_id',)
('                    ->  Seq Scan on observation_imu_gyroscope  (cost=0.00..21612.64 rows=818864 width=8)',)
('              ->  Materialize  (cost=113234.95..117329.27 rows=818864 width=8)',)
('                    ->  Sort  (cost=113234.95..115282.11 rows=818864 width=8)',)
('                          Sort Key: observation_imu_accelerometer.fingerprint_id',)
('                          ->  Seq Scan on observation_imu_accelerometer  (cost=0.00..21612.64 rows=818864 width=8)',)
('Merge Join  (cost=385892.23..110809807452970.86 rows=7387315828279579 width=16)',)
('  Merge Cond: (tab.f_id = observation_imu_gyroscope.fingerprint_id)',)
('  CTE tab',)
('    ->  Recursive Union  (cost=149.37..1028.75 rows=6138 width=4)',)
('          ->  Seq Scan on fingerprint  (cost=149.37..212.62 rows=8 width=4)',)
('                Filter: (id = $1)',)
('                InitPlan 1 (returns $1)',)
('                  ->  Limit  (cost=149.36..149.37 rows=1 width=12)',)
('                        ->  Sort  (cost=149.36..151.29 rows=770 width=12)',)
('                              Sort Key: (random())',)
('                              ->  Hash Join  (cost=71.58..145.51 rows=770 width=12)',)
('                                    Hash Cond: (f1.id = f2.id)',)
('                                    ->  Seq Scan on fingerprint f1  (cost=0.00..59.40 rows=1540 width=4)',)
('                                    ->  Hash  (cost=69.08..69.08 rows=200 width=4)',)
('                                          ->  HashAggregate  (cost=67.08..69.08 rows=200 width=4)',)
('                                                Group Key: f2.id',)
('                                                ->  Seq Scan on fingerprint f2  (cost=0.00..63.25 rows=1532 width=4)',)
('                                                      Filter: (followed_by_fingerprint_id <> id)',)
('          ->  Hash Join  (cost=2.60..75.47 rows=613 width=4)',)
('                Hash Cond: (fingerprint_1.id = tab_1.f_id)',)
('                Join Filter: (fingerprint_1.followed_by_fingerprint_id <> tab_1.f_id)',)
('                ->  Seq Scan on fingerprint fingerprint_1  (cost=0.00..59.40 rows=1540 width=8)',)
('                ->  Hash  (cost=1.60..1.60 rows=80 width=4)',)
('                      ->  WorkTable Scan on tab tab_1  (cost=0.00..1.60 rows=80 width=4)',)
('  ->  Merge Join  (cost=128766.19..5364974.21 rows=348837879 width=16)',)
('        Merge Cond: (tab.f_id = observation_imu_magnetometer.fingerprint_id)',)
('        ->  Merge Join  (cost=717.54..1866.95 rows=75804 width=8)',)
('              Merge Cond: (observation_imu.fingerprint_id = tab.f_id)',)
('              ->  Sort  (cost=208.59..214.76 rows=2470 width=4)',)
('                    Sort Key: observation_imu.fingerprint_id',)
('                    ->  Seq Scan on observation_imu  (cost=0.00..69.40 rows=2470 width=4)',)
('                          Filter: is_valid',)
('              ->  Sort  (cost=508.95..524.29 rows=6138 width=4)',)
('                    Sort Key: tab.f_id',)
('                    ->  CTE Scan on tab  (cost=0.00..122.76 rows=6138 width=4)',)
('        ->  Materialize  (cost=128048.65..132650.49 rows=920368 width=8)',)
('              ->  Sort  (cost=128048.65..130349.57 rows=920368 width=8)',)
('                    Sort Key: observation_imu_magnetometer.fingerprint_id',)
('                    ->  Seq Scan on observation_imu_magnetometer  (cost=0.00..24291.68 rows=920368 width=8)',)
('  ->  Materialize  (cost=256097.30..74382259.91 rows=4235386277 width=16)',)
('        ->  Merge Join  (cost=256097.30..63793794.21 rows=4235386277 width=16)',)
('              Merge Cond: (observation_imu_gyroscope.fingerprint_id = observation_imu_accelerometer.fingerprint_id)',)
('              ->  Sort  (cost=128048.65..130349.57 rows=920368 width=8)',)
('                    Sort Key: observation_imu_gyroscope.fingerprint_id',)
('                    ->  Seq Scan on observation_imu_gyroscope  (cost=0.00..24291.68 rows=920368 width=8)',)
('              ->  Materialize  (cost=128048.65..132650.49 rows=920368 width=8)',)
('                    ->  Sort  (cost=128048.65..130349.57 rows=920368 width=8)',)
('                          Sort Key: observation_imu_accelerometer.fingerprint_id',)
('                          ->  Seq Scan on observation_imu_accelerometer  (cost=0.00..24291.68 rows=920368 width=8)',)
('Merge Join  (cost=522294.19..263706138550246.66 rows=17580401108700238 width=16)',)
('  Merge Cond: (tab.f_id = observation_imu_gyroscope.fingerprint_id)',)
('  CTE tab',)
('    ->  Recursive Union  (cost=149.37..1028.75 rows=6138 width=4)',)
('          ->  Seq Scan on fingerprint  (cost=149.37..212.62 rows=8 width=4)',)
('                Filter: (id = $1)',)
('                InitPlan 1 (returns $1)',)
('                  ->  Limit  (cost=149.36..149.37 rows=1 width=12)',)
('                        ->  Sort  (cost=149.36..151.29 rows=770 width=12)',)
('                              Sort Key: (random())',)
('                              ->  Hash Join  (cost=71.58..145.51 rows=770 width=12)',)
('                                    Hash Cond: (f1.id = f2.id)',)
('                                    ->  Seq Scan on fingerprint f1  (cost=0.00..59.40 rows=1540 width=4)',)
('                                    ->  Hash  (cost=69.08..69.08 rows=200 width=4)',)
('                                          ->  HashAggregate  (cost=67.08..69.08 rows=200 width=4)',)
('                                                Group Key: f2.id',)
('                                                ->  Seq Scan on fingerprint f2  (cost=0.00..63.25 rows=1532 width=4)',)
('                                                      Filter: (followed_by_fingerprint_id <> id)',)
('          ->  Hash Join  (cost=2.60..75.47 rows=613 width=4)',)
('                Hash Cond: (fingerprint_1.id = tab_1.f_id)',)
('                Join Filter: (fingerprint_1.followed_by_fingerprint_id <> tab_1.f_id)',)
('                ->  Seq Scan on fingerprint fingerprint_1  (cost=0.00..59.40 rows=1540 width=8)',)
('                ->  Hash  (cost=1.60..1.60 rows=80 width=4)',)
('                      ->  WorkTable Scan on tab tab_1  (cost=0.00..1.60 rows=80 width=4)',)
('  ->  Merge Join  (cost=174233.51..7164650.07 rows=465733712 width=16)',)
('        Merge Cond: (tab.f_id = observation_imu_magnetometer.fingerprint_id)',)
('        ->  Merge Join  (cost=717.54..1866.95 rows=75804 width=8)',)
('              Merge Cond: (observation_imu.fingerprint_id = tab.f_id)',)
('              ->  Sort  (cost=208.59..214.76 rows=2470 width=4)',)
('                    Sort Key: observation_imu.fingerprint_id',)
('                    ->  Seq Scan on observation_imu  (cost=0.00..69.40 rows=2470 width=4)',)
('                          Filter: is_valid',)
('              ->  Sort  (cost=508.95..524.29 rows=6138 width=4)',)
('                    Sort Key: tab.f_id',)
('                    ->  CTE Scan on tab  (cost=0.00..122.76 rows=6138 width=4)',)
('        ->  Materialize  (cost=173515.97..179659.89 rows=1228784 width=8)',)
('              ->  Sort  (cost=173515.97..176587.93 rows=1228784 width=8)',)
('                    Sort Key: observation_imu_magnetometer.fingerprint_id',)
('                    ->  Seq Scan on observation_imu_magnetometer  (cost=0.00..32431.84 rows=1228784 width=8)',)
('  ->  Materialize  (cost=347031.94..132473383.19 rows=7549550593 width=16)',)
('        ->  Merge Join  (cost=347031.94..113599506.71 rows=7549550593 width=16)',)
('              Merge Cond: (observation_imu_gyroscope.fingerprint_id = observation_imu_accelerometer.fingerprint_id)',)
('              ->  Sort  (cost=173515.97..176587.93 rows=1228784 width=8)',)
('                    Sort Key: observation_imu_gyroscope.fingerprint_id',)
('                    ->  Seq Scan on observation_imu_gyroscope  (cost=0.00..32431.84 rows=1228784 width=8)',)
('              ->  Materialize  (cost=173515.97..179659.89 rows=1228784 width=8)',)
('                    ->  Sort  (cost=173515.97..176587.93 rows=1228784 width=8)',)
('                          Sort Key: observation_imu_accelerometer.fingerprint_id',)
('                          ->  Seq Scan on observation_imu_accelerometer  (cost=0.00..32431.84 rows=1228784 width=8)',)
('Merge Join  (cost=787446.71..854439949005728.38 rows=56962645877401520 width=16)',)
('  Merge Cond: (tab.f_id = observation_imu_gyroscope.fingerprint_id)',)
('  CTE tab',)
('    ->  Recursive Union  (cost=149.37..1028.75 rows=6138 width=4)',)
('          ->  Seq Scan on fingerprint  (cost=149.37..212.62 rows=8 width=4)',)
('                Filter: (id = $1)',)
('                InitPlan 1 (returns $1)',)
('                  ->  Limit  (cost=149.36..149.37 rows=1 width=12)',)
('                        ->  Sort  (cost=149.36..151.29 rows=770 width=12)',)
('                              Sort Key: (random())',)
('                              ->  Hash Join  (cost=71.58..145.51 rows=770 width=12)',)
('                                    Hash Cond: (f1.id = f2.id)',)
('                                    ->  Seq Scan on fingerprint f1  (cost=0.00..59.40 rows=1540 width=4)',)
('                                    ->  Hash  (cost=69.08..69.08 rows=200 width=4)',)
('                                          ->  HashAggregate  (cost=67.08..69.08 rows=200 width=4)',)
('                                                Group Key: f2.id',)
('                                                ->  Seq Scan on fingerprint f2  (cost=0.00..63.25 rows=1532 width=4)',)
('                                                      Filter: (followed_by_fingerprint_id <> id)',)
('          ->  Hash Join  (cost=2.60..75.47 rows=613 width=4)',)
('                Hash Cond: (fingerprint_1.id = tab_1.f_id)',)
('                Join Filter: (fingerprint_1.followed_by_fingerprint_id <> tab_1.f_id)',)
('                ->  Seq Scan on fingerprint fingerprint_1  (cost=0.00..59.40 rows=1540 width=8)',)
('                ->  Hash  (cost=1.60..1.60 rows=80 width=4)',)
('                      ->  WorkTable Scan on tab tab_1  (cost=0.00..1.60 rows=80 width=4)',)
('  ->  Merge Join  (cost=262617.68..10606015.09 rows=689167518 width=16)',)
('        Merge Cond: (tab.f_id = observation_imu_magnetometer.fingerprint_id)',)
('        ->  Merge Join  (cost=717.54..1866.95 rows=75804 width=8)',)
('              Merge Cond: (observation_imu.fingerprint_id = tab.f_id)',)
('              ->  Sort  (cost=208.59..214.76 rows=2470 width=4)',)
('                    Sort Key: observation_imu.fingerprint_id',)
('                    ->  Seq Scan on observation_imu  (cost=0.00..69.40 rows=2470 width=4)',)
('                          Filter: is_valid',)
('              ->  Sort  (cost=508.95..524.29 rows=6138 width=4)',)
('                    Sort Key: tab.f_id',)
('                    ->  CTE Scan on tab  (cost=0.00..122.76 rows=6138 width=4)',)
('        ->  Materialize  (cost=261900.14..270991.58 rows=1818288 width=8)',)
('              ->  Sort  (cost=261900.14..266445.86 rows=1818288 width=8)',)
('                    Sort Key: observation_imu_magnetometer.fingerprint_id',)
('                    ->  Seq Scan on observation_imu_magnetometer  (cost=0.00..47990.88 rows=1818288 width=8)',)
('  ->  Materialize  (cost=523800.28..289827421.90 rows=16530856255 width=16)',)
('        ->  Merge Join  (cost=523800.28..248500281.27 rows=16530856255 width=16)',)
('              Merge Cond: (observation_imu_gyroscope.fingerprint_id = observation_imu_accelerometer.fingerprint_id)',)
('              ->  Sort  (cost=261900.14..266445.86 rows=1818288 width=8)',)
('                    Sort Key: observation_imu_gyroscope.fingerprint_id',)
('                    ->  Seq Scan on observation_imu_gyroscope  (cost=0.00..47990.88 rows=1818288 width=8)',)
('              ->  Materialize  (cost=261900.14..270991.58 rows=1818288 width=8)',)
('                    ->  Sort  (cost=261900.14..266445.86 rows=1818288 width=8)',)
('                          Sort Key: observation_imu_accelerometer.fingerprint_id',)
('                          ->  Seq Scan on observation_imu_accelerometer  (cost=0.00..47990.88 rows=1818288 width=8)',)
